<?xml version="1.0" encoding="UTF-8"?>
<testsuite name="testproject.CalculatorTest" tests="2" skipped="0" failures="0" errors="0" timestamp="2021-11-25T10:59:57" hostname="NITRO-AN515-52" time="0.004">
  <properties/>
  <testcase name="testSum" classname="testproject.CalculatorTest" time="0.003"/>
  <testcase name="testSubtract" classname="testproject.CalculatorTest" time="0.0"/>
  <system-out><![CDATA[]]></system-out>
  <system-err><![CDATA[]]></system-err>
</testsuite>
